{"synthetic": false,
 "schemaVersion": "2025-09-10",
 "outputs":
 {"o": ["d56081b2121df086.olean"],
  "i": "542b0b9f298a3287.ilean",
  "c": "9ac5f1eeffa96751.c"},
 "log":
 [{"message":
   ".> LEAN_PATH=C:\\Users\\DELL\\Documents\\GitHub\\GlimpseOfLean-Cheenta\\.lake\\packages\\Cli\\.lake\\build\\lib\\lean;C:\\Users\\DELL\\Documents\\GitHub\\GlimpseOfLean-Cheenta\\.lake\\packages\\batteries\\.lake\\build\\lib\\lean;C:\\Users\\DELL\\Documents\\GitHub\\GlimpseOfLean-Cheenta\\.lake\\packages\\Qq\\.lake\\build\\lib\\lean;C:\\Users\\DELL\\Documents\\GitHub\\GlimpseOfLean-Cheenta\\.lake\\packages\\aesop\\.lake\\build\\lib\\lean;C:\\Users\\DELL\\Documents\\GitHub\\GlimpseOfLean-Cheenta\\.lake\\packages\\proofwidgets\\.lake\\build\\lib\\lean;C:\\Users\\DELL\\Documents\\GitHub\\GlimpseOfLean-Cheenta\\.lake\\packages\\importGraph\\.lake\\build\\lib\\lean;C:\\Users\\DELL\\Documents\\GitHub\\GlimpseOfLean-Cheenta\\.lake\\packages\\LeanSearchClient\\.lake\\build\\lib\\lean;C:\\Users\\DELL\\Documents\\GitHub\\GlimpseOfLean-Cheenta\\.lake\\packages\\plausible\\.lake\\build\\lib\\lean;C:\\Users\\DELL\\Documents\\GitHub\\GlimpseOfLean-Cheenta\\.lake\\packages\\mathlib\\.lake\\build\\lib\\lean;C:\\Users\\DELL\\Documents\\GitHub\\GlimpseOfLean-Cheenta\\.lake\\build\\lib\\lean c:\\Users\\DELL\\.elan\\toolchains\\leanprover--lean4---v4.27.0\\bin\\lean.exe C:\\Users\\DELL\\Documents\\GitHub\\GlimpseOfLean-Cheenta\\startfile.lean -o C:\\Users\\DELL\\Documents\\GitHub\\GlimpseOfLean-Cheenta\\.lake\\build\\lib\\lean\\startfile.olean -i C:\\Users\\DELL\\Documents\\GitHub\\GlimpseOfLean-Cheenta\\.lake\\build\\lib\\lean\\startfile.ilean -c C:\\Users\\DELL\\Documents\\GitHub\\GlimpseOfLean-Cheenta\\.lake\\build\\ir\\startfile.c --setup C:\\Users\\DELL\\Documents\\GitHub\\GlimpseOfLean-Cheenta\\.lake\\build\\ir\\startfile.setup.json --json",
   "level": "trace"},
  {"message": "startfile.lean:5:0: TopologicalSpace.{u} (X : Type u) : Type u",
   "level": "info"},
  {"message":
   "startfile.lean:6:0: IsOpen.{u} {X : Type u} [TopologicalSpace X] : Set X → Prop",
   "level": "info"}],
 "inputs":
 [["startfile:deps",
   [["deps",
     [["glimpseOfLean/startfile:extraDep",
       [["@glimpseOfLean:extraDep", "00000000000006bb"]]],
      ["imports",
       [["Mathlib.Topology.Basic transitive imports (legacy)",
         "29c0e2091c1ff6ee"],
        ["Mathlib.Topology.Basic:importAllArts", "b9cc8a600727e092"]]]]],
    ["libs",
     [["import dynlibs", "00000000000006bb"],
      ["package external libraries", "00000000000006bb"],
      ["module dynlibs", "00000000000006bb"],
      ["module plugins", "00000000000006bb"]]]]],
  ["Lean 4.27.0, commit db93fe1608548721853390a10cd40580fe7d22ae",
   "9a2be90fd35343e5"],
  ["C:\\Users\\DELL\\Documents\\GitHub\\GlimpseOfLean-Cheenta\\startfile.lean",
   "958d7dc6b6adbbdd"],
  ["options",
   [["-Dpp.unicode.fun=true", "9b94070140457fab"],
    ["-DautoImplicit=true", "ce2576f7641d928a"]]],
  ["Module.leanArgs: #[]", "00000000000006bb"]],
 "depHash": "11ca1264a0576b37"}