{"synthetic": false,
 "schemaVersion": "2025-09-10",
 "outputs":
 {"o": ["17242dbb73d57e79.olean"],
  "i": "10883c702c6b6f0b.ilean",
  "c": "bdcdfd5015d47e08.c"},
 "log":
 [{"message":
   ".> LEAN_PATH=C:\\Users\\DELL\\Documents\\GitHub\\GlimpseOfLean-Cheenta\\.lake\\packages\\Cli\\.lake\\build\\lib\\lean;C:\\Users\\DELL\\Documents\\GitHub\\GlimpseOfLean-Cheenta\\.lake\\packages\\batteries\\.lake\\build\\lib\\lean;C:\\Users\\DELL\\Documents\\GitHub\\GlimpseOfLean-Cheenta\\.lake\\packages\\Qq\\.lake\\build\\lib\\lean;C:\\Users\\DELL\\Documents\\GitHub\\GlimpseOfLean-Cheenta\\.lake\\packages\\aesop\\.lake\\build\\lib\\lean;C:\\Users\\DELL\\Documents\\GitHub\\GlimpseOfLean-Cheenta\\.lake\\packages\\proofwidgets\\.lake\\build\\lib\\lean;C:\\Users\\DELL\\Documents\\GitHub\\GlimpseOfLean-Cheenta\\.lake\\packages\\importGraph\\.lake\\build\\lib\\lean;C:\\Users\\DELL\\Documents\\GitHub\\GlimpseOfLean-Cheenta\\.lake\\packages\\LeanSearchClient\\.lake\\build\\lib\\lean;C:\\Users\\DELL\\Documents\\GitHub\\GlimpseOfLean-Cheenta\\.lake\\packages\\plausible\\.lake\\build\\lib\\lean;C:\\Users\\DELL\\Documents\\GitHub\\GlimpseOfLean-Cheenta\\.lake\\packages\\mathlib\\.lake\\build\\lib\\lean;C:\\Users\\DELL\\Documents\\GitHub\\GlimpseOfLean-Cheenta\\.lake\\build\\lib\\lean c:\\Users\\DELL\\.elan\\toolchains\\leanprover--lean4---v4.27.0\\bin\\lean.exe C:\\Users\\DELL\\Documents\\GitHub\\GlimpseOfLean-Cheenta\\Cheenta_Proofs\\Covering_Dimension.lean -o C:\\Users\\DELL\\Documents\\GitHub\\GlimpseOfLean-Cheenta\\.lake\\build\\lib\\lean\\Cheenta_Proofs\\Covering_Dimension.olean -i C:\\Users\\DELL\\Documents\\GitHub\\GlimpseOfLean-Cheenta\\.lake\\build\\lib\\lean\\Cheenta_Proofs\\Covering_Dimension.ilean -c C:\\Users\\DELL\\Documents\\GitHub\\GlimpseOfLean-Cheenta\\.lake\\build\\ir\\Cheenta_Proofs\\Covering_Dimension.c --setup C:\\Users\\DELL\\Documents\\GitHub\\GlimpseOfLean-Cheenta\\.lake\\build\\ir\\Cheenta_Proofs\\Covering_Dimension.setup.json --json",
   "level": "trace"}],
 "inputs":
 [["Cheenta_Proofs.Covering_Dimension:deps",
   [["deps",
     [["glimpseOfLean/Cheenta_Proofs:extraDep",
       [["@glimpseOfLean:extraDep", "00000000000006bb"]]],
      ["imports",
       [["Mathlib.Data.Option.Basic transitive imports (legacy)",
         "168751d65ea83084"],
        ["Mathlib.Data.Option.Basic:importAllArts", "03c2ff44d10acab1"],
        ["Mathlib.Topology.Separation.Regular transitive imports (legacy)",
         "beb363fb4c1152e0"],
        ["Mathlib.Topology.Separation.Regular:importAllArts",
         "b69038281100d173"],
        ["Cheenta_Proofs.BasicLemmasforCD transitive imports (legacy)",
         "9a8546820d0676fe"],
        ["Cheenta_Proofs.BasicLemmasforCD:importAllArts",
         "e2989ea3e92f1ae2"]]]]],
    ["libs",
     [["import dynlibs", "00000000000006bb"],
      ["package external libraries", "00000000000006bb"],
      ["module dynlibs", "00000000000006bb"],
      ["module plugins", "00000000000006bb"]]]]],
  ["Lean 4.27.0, commit db93fe1608548721853390a10cd40580fe7d22ae",
   "9a2be90fd35343e5"],
  ["C:\\Users\\DELL\\Documents\\GitHub\\GlimpseOfLean-Cheenta\\Cheenta_Proofs\\Covering_Dimension.lean",
   "c816ba49c34bf140"],
  ["options",
   [["-Dpp.unicode.fun=true", "9b94070140457fab"],
    ["-DautoImplicit=true", "ce2576f7641d928a"]]],
  ["Module.leanArgs: #[]", "00000000000006bb"]],
 "depHash": "753d24e7f074655b"}